<?xml version="1.0" encoding="UTF-8"?>
<!-- Generated by org.testng.reporters.JUnitReportReporter -->
<testsuite hostname="TRPRDK67HF1J-D" name="Rest.SimpleGetTest" tests="1" failures="0" timestamp="20 Aug 2018 08:31:48 GMT" time="2.330" errors="0">
  <testcase name="GetWeatherDetails" time="2.330" classname="Rest.SimpleGetTest"/>
</testsuite> <!-- Rest.SimpleGetTest -->
