<?xml version="1.0" encoding="UTF-8"?>
<!-- Generated by org.testng.reporters.JUnitReportReporter -->
<testsuite hostname="TRPRDK67HF1J-D" name="Test.NewTest" tests="1" failures="0" timestamp="13 Aug 2018 04:22:59 GMT" time="0.004" errors="0">
  <testcase name="f" time="0.004" classname="Test.NewTest"/>
</testsuite> <!-- Test.NewTest -->
